<?xml version="1.0" encoding="UTF-8"?>
<!-- Generated by org.testng.reporters.JUnitXMLReporter -->
<testsuite ignored="0" hostname="M21LPHDMTXT1" failures="0" tests="5" name="Default test" time="20.716" errors="0" timestamp="2023-02-10T13:15:51 IST">
  <testcase classname="InterviewTask.Pages" name="covidcasepage" time="6.378"/>
  <testcase classname="InterviewTask.Pages" name="downloadcertificate" time="3.133"/>
  <testcase classname="InterviewTask.Pages" name="about" time="7.63"/>
  <testcase classname="InterviewTask.Pages" name="selectclass" time="0.477"/>
  <testcase classname="InterviewTask.Pages" name="reset" time="0.532"/>
</testsuite> <!-- Default test -->
