<?xml version="1.0" encoding="UTF-8"?>
<!-- Generated by org.testng.reporters.JUnitXMLReporter -->
<testsuite ignored="0" hostname="M21LPHDMTXT1" failures="0" tests="5" name="Default test" time="38.744" errors="0" timestamp="2023-02-17T10:00:37 IST">
  <testcase classname="InterviewTask.Pages" name="covidcasepage" time="6.425"/>
  <testcase classname="InterviewTask.Pages" name="downloadcertificate" time="3.133"/>
  <testcase classname="InterviewTask.Pages" name="about" time="7.663"/>
  <testcase classname="InterviewTask.Pages" name="selectclass" time="2.231"/>
  <testcase classname="InterviewTask.Pages" name="reset" time="0.341"/>
</testsuite> <!-- Default test -->
