<?xml version="1.0" encoding="UTF-8"?>
<testng-results ignored="0" total="5" passed="5" failed="0" skipped="0">
  <reporter-output>
  </reporter-output>
  <suite started-at="2023-02-17T09:59:58 IST" name="Default suite" finished-at="2023-02-17T10:00:37 IST" duration-ms="38744">
    <groups>
    </groups>
    <test started-at="2023-02-17T09:59:58 IST" name="Default test" finished-at="2023-02-17T10:00:37 IST" duration-ms="38744">
      <class name="InterviewTask.Pages">
        <test-method is-config="true" signature="beforeall()[pri:0, instance:InterviewTask.Pages@957e06]" started-at="2023-02-17T09:59:58 IST" name="beforeall" finished-at="2023-02-17T10:00:01 IST" duration-ms="2730" status="PASS">
          <reporter-output>
          </reporter-output>
        </test-method> <!-- beforeall -->
        <test-method signature="covidcasepage()[pri:1, instance:InterviewTask.Pages@957e06]" started-at="2023-02-17T10:00:01 IST" name="covidcasepage" finished-at="2023-02-17T10:00:07 IST" duration-ms="6425" status="PASS">
          <reporter-output>
          </reporter-output>
        </test-method> <!-- covidcasepage -->
        <test-method signature="downloadcertificate()[pri:2, instance:InterviewTask.Pages@957e06]" started-at="2023-02-17T10:00:07 IST" name="downloadcertificate" finished-at="2023-02-17T10:00:10 IST" duration-ms="3133" status="PASS">
          <reporter-output>
          </reporter-output>
        </test-method> <!-- downloadcertificate -->
        <test-method signature="about()[pri:3, instance:InterviewTask.Pages@957e06]" started-at="2023-02-17T10:00:10 IST" name="about" finished-at="2023-02-17T10:00:18 IST" duration-ms="7663" status="PASS">
          <reporter-output>
          </reporter-output>
        </test-method> <!-- about -->
        <test-method signature="selectclass()[pri:4, instance:InterviewTask.Pages@957e06]" started-at="2023-02-17T10:00:18 IST" name="selectclass" finished-at="2023-02-17T10:00:20 IST" duration-ms="2231" status="PASS">
          <reporter-output>
          </reporter-output>
        </test-method> <!-- selectclass -->
        <test-method signature="reset()[pri:5, instance:InterviewTask.Pages@957e06]" started-at="2023-02-17T10:00:20 IST" name="reset" finished-at="2023-02-17T10:00:20 IST" duration-ms="341" status="PASS">
          <reporter-output>
          </reporter-output>
        </test-method> <!-- reset -->
        <test-method is-config="true" signature="teardown()[pri:0, instance:InterviewTask.Pages@957e06]" started-at="2023-02-17T10:00:20 IST" name="teardown" finished-at="2023-02-17T10:00:37 IST" duration-ms="16181" status="PASS">
          <reporter-output>
          </reporter-output>
        </test-method> <!-- teardown -->
      </class> <!-- InterviewTask.Pages -->
    </test> <!-- Default test -->
  </suite> <!-- Default suite -->
</testng-results>
